  Pacman.cpp
C:\Program Files (x86)\Microsoft Visual Studio\2019\Community\VC\Tools\MSVC\14.29.30133\include\vector(1835,41): warning C4251: 'std::vector<S2D::Input::Keys,std::allocator<S2D::Input::Keys>>::_Mypair': class 'std::_Compressed_pair<std::allocator<S2D::Input::Keys>,std::_Vector_val<std::_Simple_types<_Ty>>,true>' needs to have dll-interface to be used by clients of class 'std::vector<S2D::Input::Keys,std::allocator<S2D::Input::Keys>>'
          with
          [
              _Ty=S2D::Input::Keys
          ]
C:\Program Files (x86)\Microsoft Visual Studio\2019\Community\VC\Tools\MSVC\14.29.30133\include\vector(1835): message : see declaration of 'std::_Compressed_pair<std::allocator<S2D::Input::Keys>,std::_Vector_val<std::_Simple_types<_Ty>>,true>'
          with
          [
              _Ty=S2D::Input::Keys
          ]
C:\Users\jps11\OneDrive - Staffordshire University\UNI Work folder\PacmanFramework(S2Dv1.5)\PacmanFramework(S2Dv1.5)\PacmanFramework(S2Dv1.5)\Pacman\Pacman\S2D\Input.h(108): message : see reference to class template instantiation 'std::vector<S2D::Input::Keys,std::allocator<S2D::Input::Keys>>' being compiled
C:\Users\jps11\OneDrive - Staffordshire University\UNI Work folder\PacmanFramework(S2Dv1.5)\PacmanFramework(S2Dv1.5)\PacmanFramework(S2Dv1.5)\Pacman\Pacman\Pacman.cpp(95,89): warning C4244: 'argument': conversion from 'int' to 'float', possible loss of data
C:\Users\jps11\OneDrive - Staffordshire University\UNI Work folder\PacmanFramework(S2Dv1.5)\PacmanFramework(S2Dv1.5)\PacmanFramework(S2Dv1.5)\Pacman\Pacman\Pacman.cpp(95,47): warning C4244: 'argument': conversion from 'int' to 'float', possible loss of data
C:\Users\jps11\OneDrive - Staffordshire University\UNI Work folder\PacmanFramework(S2Dv1.5)\PacmanFramework(S2Dv1.5)\PacmanFramework(S2Dv1.5)\Pacman\Pacman\Pacman.cpp(196,88): warning C4244: '=': conversion from 'int' to 'float', possible loss of data
C:\Users\jps11\OneDrive - Staffordshire University\UNI Work folder\PacmanFramework(S2Dv1.5)\PacmanFramework(S2Dv1.5)\PacmanFramework(S2Dv1.5)\Pacman\Pacman\Pacman.cpp(200,55): warning C4244: '=': conversion from 'int' to 'float', possible loss of data
C:\Users\jps11\OneDrive - Staffordshire University\UNI Work folder\PacmanFramework(S2Dv1.5)\PacmanFramework(S2Dv1.5)\PacmanFramework(S2Dv1.5)\Pacman\Pacman\Pacman.cpp(204,90): warning C4244: '=': conversion from 'int' to 'float', possible loss of data
C:\Users\jps11\OneDrive - Staffordshire University\UNI Work folder\PacmanFramework(S2Dv1.5)\PacmanFramework(S2Dv1.5)\PacmanFramework(S2Dv1.5)\Pacman\Pacman\Pacman.cpp(208,56): warning C4244: '=': conversion from 'int' to 'float', possible loss of data
C:\Users\jps11\OneDrive - Staffordshire University\UNI Work folder\PacmanFramework(S2Dv1.5)\PacmanFramework(S2Dv1.5)\PacmanFramework(S2Dv1.5)\Pacman\Pacman\Pacman.cpp(225,56): warning C4244: '=': conversion from 'int' to 'float', possible loss of data
C:\Users\jps11\OneDrive - Staffordshire University\UNI Work folder\PacmanFramework(S2Dv1.5)\PacmanFramework(S2Dv1.5)\PacmanFramework(S2Dv1.5)\Pacman\Pacman\Pacman.cpp(226,55): warning C4244: '=': conversion from 'int' to 'float', possible loss of data
  Pacman.vcxproj -> C:\Users\jps11\OneDrive - Staffordshire University\UNI Work folder\PacmanFramework(S2Dv1.5)\PacmanFramework(S2Dv1.5)\PacmanFramework(S2Dv1.5)\Pacman\Debug\Pacman.exe
